<?xml version="1.0" encoding="UTF-8" ?>
<testsuite failures="0" time="6.2" errors="0" skipped="0" tests="56" name="rec.test.MultiValueTestCase">
  <properties>
[...]
</properties>
  <testcase time="0.633" classname="rec.test.MultiValueTestCase" name="testSample6_A0B1C2"/>
  <testcase time="0.1" classname="rec.test.MultiValueTestCase" name="testSample6_A0B2C1"/>
  <testcase time="0.135" classname="rec.test.MultiValueTestCase" name="testSample6_A1B0C2"/>
  <testcase time="0.114" classname="rec.test.MultiValueTestCase" name="testSample6_A1B2C0"/>
  <testcase time="0.108" classname="rec.test.MultiValueTestCase" name="testSample6_A2B0C1"/>
  <testcase time="0.113" classname="rec.test.MultiValueTestCase" name="testSample6_A2B1C0"/>
  <testcase time="0.155" classname="rec.test.MultiValueTestCase" name="testSample4_A0B1C2"/>
  <testcase time="0.104" classname="rec.test.MultiValueTestCase" name="testSample4_A0B2C1"/>
  <testcase time="0.093" classname="rec.test.MultiValueTestCase" name="testSample4_A1B0C2"/>
  <testcase time="0.082" classname="rec.test.MultiValueTestCase" name="testSample4_A1B2C0"/>
  <testcase time="0.095" classname="rec.test.MultiValueTestCase" name="testSample4_A2B0C1"/>
  <testcase time="0.099" classname="rec.test.MultiValueTestCase" name="testSample4_A2B1C0"/>
  <testcase time="0.102" classname="rec.test.MultiValueTestCase" name="testEmpty"/>
  <testcase time="0.104" classname="rec.test.MultiValueTestCase" name="testSample2_A0B1C2"/>
  <testcase time="0.092" classname="rec.test.MultiValueTestCase" name="testSample2_A0B2C1"/>
  <testcase time="0.115" classname="rec.test.MultiValueTestCase" name="testSample2_A1B0C2"/>
  <testcase time="0.106" classname="rec.test.MultiValueTestCase" name="testSample2_A1B2C0"/>
  <testcase time="0.093" classname="rec.test.MultiValueTestCase" name="testSample2_A2B0C1"/>
  <testcase time="0.085" classname="rec.test.MultiValueTestCase" name="testSample2_A2B1C0"/>
  <testcase time="0.081" classname="rec.test.MultiValueTestCase" name="testSample0_A0B1"/>
  <testcase time="0.084" classname="rec.test.MultiValueTestCase" name="testSample0_B1A0"/>
  <testcase time="0.083" classname="rec.test.MultiValueTestCase" name="testSample1_A0B1"/>
  <testcase time="0.109" classname="rec.test.MultiValueTestCase" name="testSample1_B1A0"/>
  <testcase time="0.09" classname="rec.test.MultiValueTestCase" name="testSample2_A1B0"/>
  <testcase time="0.128" classname="rec.test.MultiValueTestCase" name="testSample2_B0A1"/>
  <testcase time="0.124" classname="rec.test.MultiValueTestCase" name="testSample3_A1B0"/>
  <testcase time="0.082" classname="rec.test.MultiValueTestCase" name="testSample3_B0A1"/>
  <testcase time="0.081" classname="rec.test.MultiValueTestCase" name="testSample4_A0B0"/>
  <testcase time="0.112" classname="rec.test.MultiValueTestCase" name="testSample4_B0A0"/>
  <testcase time="0.115" classname="rec.test.MultiValueTestCase" name="testSample5_A0B0"/>
  <testcase time="0.082" classname="rec.test.MultiValueTestCase" name="testSample5_B0A0"/>
  <testcase time="0.09" classname="rec.test.MultiValueTestCase" name="testSample6_A1B1"/>
  <testcase time="0.074" classname="rec.test.MultiValueTestCase" name="testSample6_B1A1"/>
  <testcase time="0.115" classname="rec.test.MultiValueTestCase" name="testSample7_A1B1"/>
  <testcase time="0.086" classname="rec.test.MultiValueTestCase" name="testSample7_B1A1"/>
  <testcase time="0.107" classname="rec.test.MultiValueTestCase" name="testSample5_A0B1C2"/>
  <testcase time="0.113" classname="rec.test.MultiValueTestCase" name="testSample5_A0B2C1"/>
  <testcase time="0.096" classname="rec.test.MultiValueTestCase" name="testSample5_A1B0C2"/>
  <testcase time="0.101" classname="rec.test.MultiValueTestCase" name="testSample5_A1B2C0"/>
  <testcase time="0.147" classname="rec.test.MultiValueTestCase" name="testSample5_A2B0C1"/>
  <testcase time="0.116" classname="rec.test.MultiValueTestCase" name="testSample5_A2B1C0"/>
  <testcase time="0.084" classname="rec.test.MultiValueTestCase" name="testSample3_A0B1C2"/>
  <testcase time="0.086" classname="rec.test.MultiValueTestCase" name="testSample3_A0B2C1"/>
  <testcase time="0.084" classname="rec.test.MultiValueTestCase" name="testSample3_A1B0C2"/>
  <testcase time="0.085" classname="rec.test.MultiValueTestCase" name="testSample3_A1B2C0"/>
  <testcase time="0.1" classname="rec.test.MultiValueTestCase" name="testSample3_A2B0C1"/>
  <testcase time="0.102" classname="rec.test.MultiValueTestCase" name="testSample3_A2B1C0"/>
  <testcase time="0.1" classname="rec.test.MultiValueTestCase" name="testFluent"/>
  <testcase time="0.111" classname="rec.test.MultiValueTestCase" name="testSample_A0"/>
  <testcase time="0.101" classname="rec.test.MultiValueTestCase" name="testSample_A1"/>
  <testcase time="0.094" classname="rec.test.MultiValueTestCase" name="testSample1_A0B1C2"/>
  <testcase time="0.104" classname="rec.test.MultiValueTestCase" name="testSample1_A0B2C1"/>
  <testcase time="0.088" classname="rec.test.MultiValueTestCase" name="testSample1_A1B0C2"/>
  <testcase time="0.103" classname="rec.test.MultiValueTestCase" name="testSample1_A1B2C0"/>
  <testcase time="0.099" classname="rec.test.MultiValueTestCase" name="testSample1_A2B0C1"/>
  <testcase time="0.115" classname="rec.test.MultiValueTestCase" name="testSample1_A2B1C0"/>
</testsuite>